<?xml version="1.0" encoding="UTF-8"?>
<!-- Generated by org.testng.reporters.JUnitXMLReporter -->
<testsuite hostname="Chandani" name="Default test" tests="3" failures="0" timestamp="8 Jul 2018 05:28:40 GMT" time="35.139" errors="0">
  <testcase name="validLogin" time="9.67" classname="testcases.CreateContacts2"/>
  <testcase name="createContact" time="10.807" classname="testcases.CreateContacts2"/>
  <testcase name="logOut" time="2.215" classname="testcases.CreateContacts2"/>
</testsuite> <!-- Default test -->
