<?xml version="1.0" encoding="UTF-8"?>
<testng-results skipped="0" failed="0" total="3" passed="3">
  <reporter-output>
  </reporter-output>
  <suite name="Suite" duration-ms="40647" started-at="2018-08-05T03:55:07Z" finished-at="2018-08-05T03:55:48Z">
    <groups>
    </groups>
    <test name="Test" duration-ms="40647" started-at="2018-08-05T03:55:07Z" finished-at="2018-08-05T03:55:48Z">
      <class name="testcases.CreateContacts2">
        <test-method status="PASS" signature="setUpReport()[pri:0, instance:testcases.CreateContacts2@6615435c]" name="setUpReport" is-config="true" duration-ms="251" started-at="2018-08-05T09:25:07Z" finished-at="2018-08-05T09:25:07Z">
          <reporter-output>
          </reporter-output>
        </test-method> <!-- setUpReport -->
        <test-method status="PASS" signature="setupApplication()[pri:0, instance:testcases.CreateContacts2@6615435c]" name="setupApplication" is-config="true" duration-ms="12907" started-at="2018-08-05T09:25:07Z" finished-at="2018-08-05T09:25:20Z">
          <reporter-output>
          </reporter-output>
        </test-method> <!-- setupApplication -->
        <test-method status="PASS" signature="validLogin()[pri:0, instance:testcases.CreateContacts2@6615435c]" name="validLogin" duration-ms="11635" started-at="2018-08-05T09:25:20Z" finished-at="2018-08-05T09:25:32Z">
          <reporter-output>
          </reporter-output>
        </test-method> <!-- validLogin -->
        <test-method status="PASS" signature="endTest(org.testng.ITestResult)[pri:0, instance:testcases.CreateContacts2@6615435c]" name="endTest" is-config="true" duration-ms="383" started-at="2018-08-05T09:25:32Z" finished-at="2018-08-05T09:25:32Z">
          <params>
            <param index="0">
              <value>
                <![CDATA[[TestResult name=validLogin status=SUCCESS method=CreateContacts2.validLogin()[pri:0, instance:testcases.CreateContacts2@6615435c] output={null}]]]>
              </value>
            </param>
          </params>
          <reporter-output>
          </reporter-output>
        </test-method> <!-- endTest -->
        <test-method status="PASS" signature="createContact()[pri:0, instance:testcases.CreateContacts2@6615435c]" name="createContact" duration-ms="10427" started-at="2018-08-05T09:25:32Z" depends-on-methods="testcases.CreateContacts2.validLogin" finished-at="2018-08-05T09:25:43Z">
          <reporter-output>
          </reporter-output>
        </test-method> <!-- createContact -->
        <test-method status="PASS" signature="endTest(org.testng.ITestResult)[pri:0, instance:testcases.CreateContacts2@6615435c]" name="endTest" is-config="true" duration-ms="330" started-at="2018-08-05T09:25:43Z" finished-at="2018-08-05T09:25:43Z">
          <params>
            <param index="0">
              <value>
                <![CDATA[[TestResult name=createContact status=SUCCESS method=CreateContacts2.createContact()[pri:0, instance:testcases.CreateContacts2@6615435c] output={null}]]]>
              </value>
            </param>
          </params>
          <reporter-output>
          </reporter-output>
        </test-method> <!-- endTest -->
        <test-method status="PASS" signature="logOut()[pri:0, instance:testcases.CreateContacts2@6615435c]" name="logOut" duration-ms="2592" started-at="2018-08-05T09:25:43Z" depends-on-methods="testcases.CreateContacts2.createContact" finished-at="2018-08-05T09:25:45Z">
          <reporter-output>
          </reporter-output>
        </test-method> <!-- logOut -->
        <test-method status="PASS" signature="endTest(org.testng.ITestResult)[pri:0, instance:testcases.CreateContacts2@6615435c]" name="endTest" is-config="true" duration-ms="1504" started-at="2018-08-05T09:25:45Z" finished-at="2018-08-05T09:25:47Z">
          <params>
            <param index="0">
              <value>
                <![CDATA[[TestResult name=logOut status=SUCCESS method=CreateContacts2.logOut()[pri:0, instance:testcases.CreateContacts2@6615435c] output={null}]]]>
              </value>
            </param>
          </params>
          <reporter-output>
          </reporter-output>
        </test-method> <!-- endTest -->
        <test-method status="PASS" signature="tearDownApplication()[pri:0, instance:testcases.CreateContacts2@6615435c]" name="tearDownApplication" is-config="true" duration-ms="847" started-at="2018-08-05T09:25:47Z" finished-at="2018-08-05T09:25:48Z">
          <reporter-output>
          </reporter-output>
        </test-method> <!-- tearDownApplication -->
        <test-method status="PASS" signature="tearDownReport()[pri:0, instance:testcases.CreateContacts2@6615435c]" name="tearDownReport" is-config="true" duration-ms="645" started-at="2018-08-05T09:25:48Z" finished-at="2018-08-05T09:25:49Z">
          <reporter-output>
          </reporter-output>
        </test-method> <!-- tearDownReport -->
      </class> <!-- testcases.CreateContacts2 -->
    </test> <!-- Test -->
  </suite> <!-- Suite -->
</testng-results>
