<?xml version="1.0" encoding="UTF-8"?>
<testsuite xmlns:xsi="http://www.w3.org/2001/XMLSchema-instance" xsi:noNamespaceSchemaLocation="https://maven.apache.org/surefire/maven-surefire-plugin/xsd/surefire-test-report.xsd" name="TestSuite" time="0.935" tests="8" errors="0" skipped="7" failures="1">
  <properties>
[...]
</properties>
  <testcase name="setupApplication" classname="testcases.CreateContacts2" time="0.736">
    <failure message="The driver is not executable: /Users/mukeshotwani/git/MaySelenium2018/learnautomation.hybrid/./Drivers/chromedriver.exe" type="java.lang.IllegalStateException">java.lang.IllegalStateException: The driver is not executable: /Users/mukeshotwani/git/MaySelenium2018/learnautomation.hybrid/./Drivers/chromedriver.exe
</failure>
    <system-out><![CDATA[**** Starting Application on Chrome****
]]></system-out>
  </testcase>
  <testcase name="validLogin" classname="testcases.CreateContacts2" time="0">
    <skipped/>
  </testcase>
  <testcase name="endTest" classname="testcases.CreateContacts2" time="0">
    <skipped/>
  </testcase>
  <testcase name="endTest" classname="testcases.CreateContacts2" time="0">
    <skipped/>
  </testcase>
  <testcase name="createContact" classname="testcases.CreateContacts2" time="0">
    <skipped message="Method CreateContacts2.createContact()[pri:0, instance:testcases.CreateContacts2@3a03464] depends on not successfully finished methods"/>
  </testcase>
  <testcase name="logOut" classname="testcases.CreateContacts2" time="0">
    <skipped/>
  </testcase>
  <testcase name="tearDownApplication" classname="testcases.CreateContacts2" time="0">
    <skipped/>
  </testcase>
  <testcase name="tearDownReport" classname="testcases.CreateContacts2" time="0">
    <skipped/>
  </testcase>
</testsuite>