<?xml version="1.0" encoding="UTF-8"?>
<testsuite xmlns:xsi="http://www.w3.org/2001/XMLSchema-instance" xsi:noNamespaceSchemaLocation="https://maven.apache.org/surefire/maven-surefire-plugin/xsd/surefire-test-report.xsd" name="TestSuite" time="37.582" tests="3" errors="0" skipped="0" failures="0">
  <properties>
[...]
</properties>
  <testcase name="validLogin" classname="testcases.CreateContacts2" time="11.111"/>
  <testcase name="createContact" classname="testcases.CreateContacts2" time="9.181"/>
  <testcase name="logOut" classname="testcases.CreateContacts2" time="2.115"/>
</testsuite>