<?xml version="1.0" encoding="UTF-8"?>
<!-- Generated by org.testng.reporters.JUnitXMLReporter -->
<testsuite hostname="Chandani" name="Test" tests="3" failures="0" timestamp="4 Aug 2018 03:30:40 GMT" time="37.536" errors="0">
  <testcase name="validLogin" time="10.974" classname="testcases.CreateContacts2"/>
  <testcase name="createContact" time="11.685" classname="testcases.CreateContacts2"/>
  <testcase name="logOut" time="2.217" classname="testcases.CreateContacts2"/>
</testsuite> <!-- Test -->
