<?xml version="1.0" encoding="UTF-8"?>
<testng-results skipped="0" failed="0" total="1" passed="1">
  <reporter-output>
  </reporter-output>
  <suite name="Default suite" duration-ms="4452" started-at="2018-08-12T13:30:18Z" finished-at="2018-08-12T13:30:23Z">
    <groups>
    </groups>
    <test name="Default test" duration-ms="4452" started-at="2018-08-12T13:30:18Z" finished-at="2018-08-12T13:30:23Z">
      <class name="testcases.APITest">
        <test-method status="PASS" signature="test1()[pri:0, instance:testcases.APITest@27efef64]" name="test1" duration-ms="4429" started-at="2018-08-12T19:00:18Z" finished-at="2018-08-12T19:00:23Z">
          <reporter-output>
          </reporter-output>
        </test-method> <!-- test1 -->
      </class> <!-- testcases.APITest -->
    </test> <!-- Default test -->
  </suite> <!-- Default suite -->
</testng-results>
