<?xml version="1.0" encoding="UTF-8"?>
<!-- Generated by org.testng.reporters.JUnitReportReporter -->
<testsuite hostname="Chandani" name="testcases.CreateContacts2" tests="3" failures="0" timestamp="4 Aug 2018 03:30:41 GMT" time="26.742" errors="0">
  <testcase name="logOut" time="2.576" classname="testcases.CreateContacts2"/>
  <testcase name="validLogin" time="12.169" classname="testcases.CreateContacts2"/>
  <testcase name="createContact" time="11.997" classname="testcases.CreateContacts2"/>
</testsuite> <!-- testcases.CreateContacts2 -->
