<?xml version="1.0" encoding="UTF-8"?>
<!-- Generated by org.testng.reporters.JUnitXMLReporter -->
<testsuite hostname="Chandani" name="Test" tests="3" failures="0" timestamp="4 Aug 2018 03:50:44 GMT" time="36.085" errors="0">
  <testcase name="validLogin" time="11.116" classname="testcases.CreateContacts2"/>
  <testcase name="createContact" time="9.18" classname="testcases.CreateContacts2"/>
  <testcase name="logOut" time="2.115" classname="testcases.CreateContacts2"/>
</testsuite> <!-- Test -->
