<?xml version="1.0" encoding="UTF-8"?>
<!-- Generated by org.testng.reporters.JUnitXMLReporter -->
<testsuite hostname="Chandani" name="Test" tests="3" failures="0" timestamp="12 Aug 2018 16:15:09 GMT" time="143.078" errors="0">
  <testcase name="validLogin" time="28.116" classname="testcases.CreateContacts2"/>
  <testcase name="createContact" time="16.236" classname="testcases.CreateContacts2"/>
  <testcase name="logOut" time="3.244" classname="testcases.CreateContacts2"/>
</testsuite> <!-- Test -->
